[Tue Feb 18 2014 21:36:13 GMT+0800 (中国标准时间)] /upload
Error: no open connections
    at Db._executeQueryCommand (D:\blog\node_modules\mongodb\lib\mongodb\db.js:1802:21)
    at Cursor.nextObject (D:\blog\node_modules\mongodb\lib\mongodb\cursor.js:729:13)
    at Cursor.nextObject (D:\blog\node_modules\mongodb\lib\mongodb\scope.js:22:20)
    at Collection.findOne (D:\blog\node_modules\mongodb\lib\mongodb\collection\query.js:145:10)
    at D:\blog\node_modules\connect-mongo\lib\connect-mongo.js:212:18
    at MongoStore._get_collection (D:\blog\node_modules\connect-mongo\lib\connect-mongo.js:148:21)
    at MongoStore.get (D:\blog\node_modules\connect-mongo\lib\connect-mongo.js:211:10)
    at Object.session [as handle] (D:\blog\node_modules\express\node_modules\connect\lib\middleware\session.js:311:11)
    at next (D:\blog\node_modules\express\node_modules\connect\lib\proto.js:193:15)
    at Object.cookieParser [as handle] (D:\blog\node_modules\express\node_modules\connect\lib\middleware\cookieParser.js:65:5)
[Tue Feb 18 2014 21:36:25 GMT+0800 (中国标准时间)] /upload
Error: no open connections
    at Db._executeQueryCommand (D:\blog\node_modules\mongodb\lib\mongodb\db.js:1802:21)
    at Cursor.nextObject (D:\blog\node_modules\mongodb\lib\mongodb\cursor.js:729:13)
    at Cursor.nextObject (D:\blog\node_modules\mongodb\lib\mongodb\scope.js:22:20)
    at Collection.findOne (D:\blog\node_modules\mongodb\lib\mongodb\collection\query.js:145:10)
    at D:\blog\node_modules\connect-mongo\lib\connect-mongo.js:212:18
    at MongoStore._get_collection (D:\blog\node_modules\connect-mongo\lib\connect-mongo.js:148:21)
    at MongoStore.get (D:\blog\node_modules\connect-mongo\lib\connect-mongo.js:211:10)
    at Object.session [as handle] (D:\blog\node_modules\express\node_modules\connect\lib\middleware\session.js:311:11)
    at next (D:\blog\node_modules\express\node_modules\connect\lib\proto.js:193:15)
    at Object.cookieParser [as handle] (D:\blog\node_modules\express\node_modules\connect\lib\middleware\cookieParser.js:65:5)
[Tue Feb 18 2014 21:36:31 GMT+0800 (中国标准时间)] /
Error: no open connections
    at Db._executeQueryCommand (D:\blog\node_modules\mongodb\lib\mongodb\db.js:1802:21)
    at Cursor.nextObject (D:\blog\node_modules\mongodb\lib\mongodb\cursor.js:729:13)
    at Cursor.nextObject (D:\blog\node_modules\mongodb\lib\mongodb\scope.js:22:20)
    at Collection.findOne (D:\blog\node_modules\mongodb\lib\mongodb\collection\query.js:145:10)
    at D:\blog\node_modules\connect-mongo\lib\connect-mongo.js:212:18
    at MongoStore._get_collection (D:\blog\node_modules\connect-mongo\lib\connect-mongo.js:148:21)
    at MongoStore.get (D:\blog\node_modules\connect-mongo\lib\connect-mongo.js:211:10)
    at Object.session [as handle] (D:\blog\node_modules\express\node_modules\connect\lib\middleware\session.js:311:11)
    at next (D:\blog\node_modules\express\node_modules\connect\lib\proto.js:193:15)
    at Object.cookieParser [as handle] (D:\blog\node_modules\express\node_modules\connect\lib\middleware\cookieParser.js:65:5)
[Wed Feb 19 2014 15:35:04 GMT+0800 (中国标准时间)] /upload
Error: Expected CR Received 45
    at Form._write (D:\blog\node_modules\express\node_modules\connect\node_modules\multiparty\index.js:187:49)
    at doWrite (D:\blog\node_modules\express\node_modules\connect\node_modules\multiparty\node_modules\readable-stream\lib\_stream_writable.js:263:12)
    at writeOrBuffer (D:\blog\node_modules\express\node_modules\connect\node_modules\multiparty\node_modules\readable-stream\lib\_stream_writable.js:250:5)
    at Form.Writable.write (D:\blog\node_modules\express\node_modules\connect\node_modules\multiparty\node_modules\readable-stream\lib\_stream_writable.js:197:11)
    at write (_stream_readable.js:583:24)
    at flow (_stream_readable.js:592:7)
    at _stream_readable.js:560:7
    at process._tickCallback (node.js:415:13)
